2024-11-26 09:03:01,902 - INFO - Pesan submitted by asdasd (adsda@gmail.com): asdsad
2024-11-26 09:08:44,997 - INFO - Pesan submitted by azzuri putra (azzuriptr@gmail.com): ini coba log
2024-11-26 09:31:12,715 - WARNING - Blocked message from hahaha (hihihi@gmail.com): kontol memek (ini hanyda demo)
2024-11-26 09:31:20,310 - WARNING - Blocked message from hahaha (hihihi@gmail.com): kontol memek (ini hanyda demo)
2024-11-26 09:32:26,636 - WARNING - Blocked message from hahaha (hihihi@gmail.com): kontol memek (ini hanyda demo)
2024-11-26 09:39:49,627 - INFO - Message from asd (adasd@mail.com) stored and email sent: asss
2024-11-26 09:39:58,379 - INFO - Message from asd (adasd@mail.com) stored and email sent: asss
2024-11-26 09:41:12,282 - WARNING - Blocked message from sd (asd@mail.com): kontol memek
2024-11-26 09:43:15,424 - WARNING - Blocked message from sd (asd@mail.com): kontol memek
2024-11-26 09:43:53,728 - INFO - Message from sdf (sf@gmail.com) stored and email sent: asdsad
2024-11-26 09:57:04,929 - INFO - Message from adsd (asd@gmail.com) stored and email sent: hola diablos
2024-11-26 09:57:27,688 - INFO - Message from adsd (asd@gmail.com) stored and email sent: hola diablos
2024-11-26 09:59:15,926 - WARNING - Blocked message from asdsd (asdasd@mail.com): kontol memek
2024-11-26 10:04:37,686 - WARNING - Blocked message from wahyu (wahyu@mail.com): kontol memek
2024-11-26 10:06:07,802 - WARNING - Blocked message from sdfdf (sdfsdf@mail.com): kontol memek
2024-11-26 10:06:28,283 - WARNING - Blocked message from sdfdf (sdfsdf@mail.com): kontol memek
2024-11-26 10:09:46,835 - INFO - Message from vvv (vvv@mail.com) stored and email sent: ini vvv salken
2024-11-26 10:15:21,975 - INFO - Message from sdff (sfsdf@mail.com) stored and email sent: asdsad
2024-11-26 10:16:18,639 - INFO - Message from coba (c@mail.com) stored and email sent: coba
2024-11-26 10:16:51,228 - INFO - Message from coba (c@mail.com) stored and email sent: coba
2024-11-26 10:23:46,242 - INFO - Message from jikalau (jika@mail.com) stored and email sent: ini pesan jika
2024-11-26 10:24:02,247 - INFO - Message from jikalau (jika@mail.com) stored and email sent: ini pesan jika
2024-11-26 10:26:31,898 - INFO - Message from coba app (app@mail.com) stored and email sent: coba append
2024-11-26 10:28:18,280 - WARNING - Blocked message from jorok (asdd@asd.com): kontol memek
2024-11-26 10:30:15,365 - WARNING - Blocked message from jorok (sss@mail.com): kontol memek
2024-11-26 10:32:09,821 - INFO - Message from halus (oke@mail.com) stored and email sent: jokowi
2024-11-26 10:32:21,220 - INFO - Message from halus (oke@mail.com) stored and email sent: jokowi
2024-11-26 10:33:28,837 - INFO - Message from jjj (asds@ma.com) stored and email sent: klik ulang
